#
# There is insufficient memory for the Java Runtime Environment to continue.
# Native memory allocation (malloc) failed to allocate 1048576 bytes for AllocateHeap
# Possible reasons:
#   The system is out of physical RAM or swap space
#   The process is running with CompressedOops enabled, and the Java Heap may be blocking the growth of the native heap
# Possible solutions:
#   Reduce memory load on the system
#   Increase physical memory or swap space
#   Check if swap backing store is full
#   Decrease Java heap size (-Xmx/-Xms)
#   Decrease number of Java threads
#   Decrease Java thread stack sizes (-Xss)
#   Set larger code cache with -XX:ReservedCodeCacheSize=
#   JVM is running with Unscaled Compressed Oops mode in which the Java heap is
#     placed in the first 4GB address space. The Java Heap base address is the
#     maximum limit for the native heap growth. Please use -XX:HeapBaseMinAddress
#     to set the Java Heap base and to place the Java Heap above 4GB virtual address.
# This output file may be truncated or incomplete.
#
#  Out of Memory Error (allocation.cpp:44), pid=25576, tid=13200
#
# JRE version: OpenJDK Runtime Environment Temurin-17.0.6+10 (17.0.6+10) (build 17.0.6+10)
# Java VM: OpenJDK 64-Bit Server VM Temurin-17.0.6+10 (17.0.6+10, mixed mode, emulated-client, tiered, compressed oops, compressed class ptrs, g1 gc, windows-amd64)
# No core dump will be written. Minidumps are not enabled by default on client versions of Windows
#

---------------  S U M M A R Y ------------

Command Line: -XX:+HeapDumpOnOutOfMemoryError -Xmx1024m -Dsts.lsp.client=vscode -Dsts.log.file=/dev/null -XX:TieredStopAtLevel=1 -Xlog:jni+resolve=off -Dspring.config.location=file:c:\Users\Ming\.vscode\extensions\vmware.vscode-spring-boot-1.45.0\language-server\BOOT-INF\classes\application.properties org.springframework.ide.vscode.boot.app.BootLanguageServerBootApp

Host: Intel(R) Core(TM) i5-1035G1 CPU @ 1.00GHz, 8 cores, 15G,  Windows 11 , 64 bit Build 22621 (10.0.22621.1485)
Time: Sat Apr 15 02:49:05 2023  Windows 11 , 64 bit Build 22621 (10.0.22621.1485) elapsed time: 767.490470 seconds (0d 0h 12m 47s)

---------------  T H R E A D  ---------------

Current thread (0x0000016d69f37fd0):  VMThread "VM Thread" [stack: 0x00000020cd100000,0x00000020cd200000] [id=13200]

Stack: [0x00000020cd100000,0x00000020cd200000]
Native frames: (J=compiled Java code, j=interpreted, Vv=VM code, C=native code)
V  [jvm.dll+0x67741a]
V  [jvm.dll+0x834434]
V  [jvm.dll+0x835bde]
V  [jvm.dll+0x836243]
V  [jvm.dll+0x2457b5]
V  [jvm.dll+0xa626f]
V  [jvm.dll+0x2f5ad3]
V  [jvm.dll+0x2f17e0]
V  [jvm.dll+0x2d9ee7]
V  [jvm.dll+0x31ce67]
V  [jvm.dll+0x83a6eb]
V  [jvm.dll+0x83b424]
V  [jvm.dll+0x83b93c]
V  [jvm.dll+0x83bd14]
V  [jvm.dll+0x83bde0]
V  [jvm.dll+0x7e483a]
V  [jvm.dll+0x6762c5]
C  [ucrtbase.dll+0x29363]
C  [KERNEL32.DLL+0x1269d]
C  [ntdll.dll+0x5a9f8]

VM_Operation (0x00000020cebff0b0): G1CollectFull, mode: safepoint, requested by thread 0x0000016d6a928a70


---------------  P R O C E S S  ---------------

Threads class SMR info:
_java_thread_list=0x0000016d6cd54480, length=18, elements={
0x0000016d69f38ed0, 0x0000016d69f3c9b0, 0x0000016d6a82c480, 0x0000016d6a872010,
0x0000016d6a8728d0, 0x0000016d6a847400, 0x0000016d6a847cc0, 0x0000016d6a84a5d0,
0x0000016d6aa744a0, 0x0000016d6aa7add0, 0x0000016d6b1d37e0, 0x0000016d6a9285a0,
0x0000016d6a928a70, 0x0000016d6a92e4c0, 0x0000016d5d136fe0, 0x0000016d6a94e040,
0x0000016d6c969410, 0x0000016d6c986100
}

Java Threads: ( => current thread )
  0x0000016d69f38ed0 JavaThread "Reference Handler" daemon [_thread_blocked, id=15376, stack(0x00000020cd200000,0x00000020cd300000)]
  0x0000016d69f3c9b0 JavaThread "Finalizer" daemon [_thread_blocked, id=18292, stack(0x00000020cd300000,0x00000020cd400000)]
  0x0000016d6a82c480 JavaThread "Signal Dispatcher" daemon [_thread_blocked, id=20808, stack(0x00000020cd500000,0x00000020cd600000)]
  0x0000016d6a872010 JavaThread "Attach Listener" daemon [_thread_blocked, id=17680, stack(0x00000020cd600000,0x00000020cd700000)]
  0x0000016d6a8728d0 JavaThread "Service Thread" daemon [_thread_blocked, id=24264, stack(0x00000020cd700000,0x00000020cd800000)]
  0x0000016d6a847400 JavaThread "Monitor Deflation Thread" daemon [_thread_blocked, id=20520, stack(0x00000020cd800000,0x00000020cd900000)]
  0x0000016d6a847cc0 JavaThread "C1 CompilerThread0" daemon [_thread_blocked, id=20620, stack(0x00000020cd900000,0x00000020cda00000)]
  0x0000016d6a84a5d0 JavaThread "Sweeper thread" daemon [_thread_blocked, id=16368, stack(0x00000020cda00000,0x00000020cdb00000)]
  0x0000016d6aa744a0 JavaThread "Notification Thread" daemon [_thread_blocked, id=24644, stack(0x00000020cdc00000,0x00000020cdd00000)]
  0x0000016d6aa7add0 JavaThread "Common-Cleaner" daemon [_thread_blocked, id=19628, stack(0x00000020cde00000,0x00000020cdf00000)]
  0x0000016d6b1d37e0 JavaThread "boundedElastic-evictor-1" daemon [_thread_blocked, id=25208, stack(0x00000020ce900000,0x00000020cea00000)]
  0x0000016d6a9285a0 JavaThread "boundedElastic-evictor-2" daemon [_thread_blocked, id=10664, stack(0x00000020cea00000,0x00000020ceb00000)]
  0x0000016d6a928a70 JavaThread "pool-10-thread-1" [_thread_blocked, id=9936, stack(0x00000020ceb00000,0x00000020cec00000)]
  0x0000016d6a92e4c0 JavaThread "LanguageServerApp-lifecycle" [_thread_blocked, id=10980, stack(0x00000020cec00000,0x00000020ced00000)]
  0x0000016d5d136fe0 JavaThread "DestroyJavaVM" [_thread_blocked, id=18212, stack(0x00000020cca00000,0x00000020ccb00000)]
  0x0000016d6a94e040 JavaThread "pool-11-thread-1" [_thread_in_native, id=18048, stack(0x00000020ced00000,0x00000020cee00000)]
  0x0000016d6c969410 JavaThread "Simple-Language-Server main thread" daemon [_thread_blocked, id=2336, stack(0x00000020cee00000,0x00000020cef00000)]
  0x0000016d6c986100 JavaThread "parallel-1" daemon [_thread_blocked, id=19576, stack(0x00000020d0c00000,0x00000020d0d00000)]

Other Threads:
=>0x0000016d69f37fd0 VMThread "VM Thread" [stack: 0x00000020cd100000,0x00000020cd200000] [id=13200]
  0x0000016d6aa74970 WatcherThread [stack: 0x00000020cdd00000,0x00000020cde00000] [id=21836]
  0x0000016d5d175800 GCTaskThread "GC Thread#0" [stack: 0x00000020ccc00000,0x00000020ccd00000] [id=6544]
  0x0000016d6b38aef0 GCTaskThread "GC Thread#1" [stack: 0x00000020cdf00000,0x00000020ce000000] [id=10452]
  0x0000016d6b38b1a0 GCTaskThread "GC Thread#2" [stack: 0x00000020ce000000,0x00000020ce100000] [id=1240]
  0x0000016d6b35d1e0 GCTaskThread "GC Thread#3" [stack: 0x00000020ce100000,0x00000020ce200000] [id=4236]
  0x0000016d6b35d490 GCTaskThread "GC Thread#4" [stack: 0x00000020ce200000,0x00000020ce300000] [id=25496]
  0x0000016d6b35d740 GCTaskThread "GC Thread#5" [stack: 0x00000020ce300000,0x00000020ce400000] [id=17980]
  0x0000016d6c25e3e0 GCTaskThread "GC Thread#6" [stack: 0x00000020ce400000,0x00000020ce500000] [id=18724]
  0x0000016d6c25e690 GCTaskThread "GC Thread#7" [stack: 0x00000020ce500000,0x00000020ce600000] [id=9684]
  0x0000016d5d17f660 ConcurrentGCThread "G1 Main Marker" [stack: 0x00000020ccd00000,0x00000020cce00000] [id=25164]
  0x0000016d5d17ff80 ConcurrentGCThread "G1 Conc#0" [stack: 0x00000020cce00000,0x00000020ccf00000] [id=8252]
  0x0000016d6c44e730 ConcurrentGCThread "G1 Conc#1" [stack: 0x00000020ce800000,0x00000020ce900000] [id=3080]
  0x0000016d5d1ee770 ConcurrentGCThread "G1 Refine#0" [stack: 0x00000020ccf00000,0x00000020cd000000] [id=7904]
  0x0000016d6e5020e0 ConcurrentGCThread "G1 Refine#1" [stack: 0x00000020d0d00000,0x00000020d0e00000] [id=24496]
  0x0000016d6cccf240 ConcurrentGCThread "G1 Refine#2" [stack: 0x00000020d0e00000,0x00000020d0f00000] [id=24064]
  0x0000016d6cccf520 ConcurrentGCThread "G1 Refine#3" [stack: 0x00000020d0f00000,0x00000020d1000000] [id=22676]
  0x0000016d6aa39710 ConcurrentGCThread "G1 Refine#4" [stack: 0x00000020d1000000,0x00000020d1100000] [id=13916]
  0x0000016d6ca3d690 ConcurrentGCThread "G1 Refine#5" [stack: 0x00000020d1100000,0x00000020d1200000] [id=10284]
  0x0000016d69dae2a0 ConcurrentGCThread "G1 Service" [stack: 0x00000020cd000000,0x00000020cd100000] [id=22724]

Threads with active compile tasks:

VM state: at safepoint (normal execution)

VM Mutex/Monitor currently owned by a thread:  ([mutex/lock_event])
[0x0000016d5cf7f9d0] Threads_lock - owner thread: 0x0000016d69f37fd0
[0x0000016d5d134730] Heap_lock - owner thread: 0x0000016d6a928a70

Heap address: 0x00000000c0000000, size: 1024 MB, Compressed Oops mode: 32-bit

CDS archive(s) not mapped
Compressed class space mapped at: 0x0000000100000000-0x0000000140000000, reserved size: 1073741824
Narrow klass base: 0x0000000000000000, Narrow klass shift: 3, Narrow klass range: 0x140000000

GC Precious Log:
 CPUs: 8 total, 8 available
 Memory: 16159M
 Large Page Support: Disabled
 NUMA Support: Disabled
 Compressed Oops: Enabled (32-bit)
 Heap Region Size: 1M
 Heap Min Capacity: 8M
 Heap Initial Capacity: 254M
 Heap Max Capacity: 1G
 Pre-touch: Disabled
 Parallel Workers: 8
 Concurrent Workers: 2
 Concurrent Refinement Workers: 8
 Periodic GC: Disabled

Heap:
 garbage-first heap   total 86016K, used 25254K [0x00000000c0000000, 0x0000000100000000)
  region size 1024K, 1 young (1024K), 0 survivors (0K)
 Metaspace       used 45387K, committed 45952K, reserved 1089536K
  class space    used 6474K, committed 6720K, reserved 1048576K

Heap Regions: E=young(eden), S=young(survivor), O=old, HS=humongous(starts), HC=humongous(continues), CS=collection set, F=free, OA=open archive, CA=closed archive, TAMS=top-at-mark-start (previous, next)
|   0|0x00000000c0000000, 0x00000000c0100000, 0x00000000c0100000|100%| O|  |TAMS 0x00000000c0100000, 0x00000000c0000000| Untracked 
|   1|0x00000000c0100000, 0x00000000c0200000, 0x00000000c0200000|100%| O|  |TAMS 0x00000000c0200000, 0x00000000c0100000| Untracked 
|   2|0x00000000c0200000, 0x00000000c0300000, 0x00000000c0300000|100%| O|  |TAMS 0x00000000c0300000, 0x00000000c0200000| Untracked 
|   3|0x00000000c0300000, 0x00000000c0400000, 0x00000000c0400000|100%| O|  |TAMS 0x00000000c0400000, 0x00000000c0300000| Untracked 
|   4|0x00000000c0400000, 0x00000000c04ffff0, 0x00000000c0500000| 99%| O|  |TAMS 0x00000000c04ffff0, 0x00000000c0400000| Untracked 
|   5|0x00000000c0500000, 0x00000000c05ffff0, 0x00000000c0600000| 99%| O|  |TAMS 0x00000000c05ffff0, 0x00000000c0500000| Untracked 
|   6|0x00000000c0600000, 0x00000000c0700000, 0x00000000c0700000|100%| O|  |TAMS 0x00000000c0700000, 0x00000000c0600000| Untracked 
|   7|0x00000000c0700000, 0x00000000c07fffc0, 0x00000000c0800000| 99%| O|  |TAMS 0x00000000c07fffc0, 0x00000000c0700000| Untracked 
|   8|0x00000000c0800000, 0x00000000c08ffff8, 0x00000000c0900000| 99%| O|  |TAMS 0x00000000c08ffff8, 0x00000000c0800000| Untracked 
|   9|0x00000000c0900000, 0x00000000c09ffff0, 0x00000000c0a00000| 99%| O|  |TAMS 0x00000000c09ffff0, 0x00000000c0900000| Untracked 
|  10|0x00000000c0a00000, 0x00000000c0affff0, 0x00000000c0b00000| 99%| O|  |TAMS 0x00000000c0affff0, 0x00000000c0a00000| Untracked 
|  11|0x00000000c0b00000, 0x00000000c0bfffe8, 0x00000000c0c00000| 99%| O|  |TAMS 0x00000000c0bfffe8, 0x00000000c0b00000| Untracked 
|  12|0x00000000c0c00000, 0x00000000c0cffff0, 0x00000000c0d00000| 99%| O|  |TAMS 0x00000000c0cffff0, 0x00000000c0c00000| Untracked 
|  13|0x00000000c0d00000, 0x00000000c0dffff8, 0x00000000c0e00000| 99%| O|  |TAMS 0x00000000c0dffff8, 0x00000000c0d00000| Untracked 
|  14|0x00000000c0e00000, 0x00000000c0efffe0, 0x00000000c0f00000| 99%| O|  |TAMS 0x00000000c0efffe0, 0x00000000c0e00000| Untracked 
|  15|0x00000000c0f00000, 0x00000000c0fffdf8, 0x00000000c1000000| 99%| O|  |TAMS 0x00000000c0fffdf8, 0x00000000c0f00000| Untracked 
|  16|0x00000000c1000000, 0x00000000c10fffd8, 0x00000000c1100000| 99%| O|  |TAMS 0x00000000c10fffd8, 0x00000000c1000000| Untracked 
|  17|0x00000000c1100000, 0x00000000c11fffc8, 0x00000000c1200000| 99%| O|  |TAMS 0x00000000c11fffc8, 0x00000000c1100000| Untracked 
|  18|0x00000000c1200000, 0x00000000c12ffff0, 0x00000000c1300000| 99%| O|  |TAMS 0x00000000c12ffff0, 0x00000000c1200000| Untracked 
|  19|0x00000000c1300000, 0x00000000c13a79a8, 0x00000000c1400000| 65%| O|  |TAMS 0x00000000c1300000, 0x00000000c1300000| Untracked 
|  20|0x00000000c1400000, 0x00000000c14fffc8, 0x00000000c1500000| 99%| O|  |TAMS 0x00000000c14fffc8, 0x00000000c1400000| Untracked 
|  21|0x00000000c1500000, 0x00000000c15022b8, 0x00000000c1600000|  0%| O|  |TAMS 0x00000000c1500000, 0x00000000c1500000| Untracked 
|  22|0x00000000c1600000, 0x00000000c1600000, 0x00000000c1700000|  0%| F|  |TAMS 0x00000000c1600000, 0x00000000c1600000| Untracked 
|  23|0x00000000c1700000, 0x00000000c1700000, 0x00000000c1800000|  0%| F|  |TAMS 0x00000000c1700000, 0x00000000c1700000| Untracked 
|  24|0x00000000c1800000, 0x00000000c1900000, 0x00000000c1900000|100%| O|  |TAMS 0x00000000c1900000, 0x00000000c1800000| Untracked 
|  25|0x00000000c1900000, 0x00000000c1900000, 0x00000000c1a00000|  0%| F|  |TAMS 0x00000000c1900000, 0x00000000c1900000| Untracked 
|  26|0x00000000c1a00000, 0x00000000c1a00000, 0x00000000c1b00000|  0%| F|  |TAMS 0x00000000c1a00000, 0x00000000c1a00000| Untracked 
|  27|0x00000000c1b00000, 0x00000000c1c00000, 0x00000000c1c00000|100%| O|  |TAMS 0x00000000c1c00000, 0x00000000c1b00000| Untracked 
|  28|0x00000000c1c00000, 0x00000000c1d00000, 0x00000000c1d00000|100%| O|  |TAMS 0x00000000c1d00000, 0x00000000c1c00000| Untracked 
|  29|0x00000000c1d00000, 0x00000000c1e00000, 0x00000000c1e00000|100%| O|  |TAMS 0x00000000c1e00000, 0x00000000c1d00000| Untracked 
|  30|0x00000000c1e00000, 0x00000000c1e00000, 0x00000000c1f00000|  0%| F|  |TAMS 0x00000000c1e00000, 0x00000000c1e00000| Untracked 
|  31|0x00000000c1f00000, 0x00000000c1f00000, 0x00000000c2000000|  0%| F|  |TAMS 0x00000000c1f00000, 0x00000000c1f00000| Untracked 
|  32|0x00000000c2000000, 0x00000000c2000000, 0x00000000c2100000|  0%| F|  |TAMS 0x00000000c2000000, 0x00000000c2000000| Untracked 
|  33|0x00000000c2100000, 0x00000000c2100000, 0x00000000c2200000|  0%| F|  |TAMS 0x00000000c2100000, 0x00000000c2100000| Untracked 
|  34|0x00000000c2200000, 0x00000000c2200000, 0x00000000c2300000|  0%| F|  |TAMS 0x00000000c2200000, 0x00000000c2200000| Untracked 
|  35|0x00000000c2300000, 0x00000000c2300000, 0x00000000c2400000|  0%| F|  |TAMS 0x00000000c2300000, 0x00000000c2300000| Untracked 
|  36|0x00000000c2400000, 0x00000000c2400000, 0x00000000c2500000|  0%| F|  |TAMS 0x00000000c2400000, 0x00000000c2400000| Untracked 
|  37|0x00000000c2500000, 0x00000000c2500000, 0x00000000c2600000|  0%| F|  |TAMS 0x00000000c2500000, 0x00000000c2500000| Untracked 
|  38|0x00000000c2600000, 0x00000000c2600000, 0x00000000c2700000|  0%| F|  |TAMS 0x00000000c2600000, 0x00000000c2600000| Untracked 
|  39|0x00000000c2700000, 0x00000000c2700000, 0x00000000c2800000|  0%| F|  |TAMS 0x00000000c2700000, 0x00000000c2700000| Untracked 
|  40|0x00000000c2800000, 0x00000000c2800000, 0x00000000c2900000|  0%| F|  |TAMS 0x00000000c2800000, 0x00000000c2800000| Untracked 
|  41|0x00000000c2900000, 0x00000000c2900000, 0x00000000c2a00000|  0%| F|  |TAMS 0x00000000c2900000, 0x00000000c2900000| Untracked 
|  42|0x00000000c2a00000, 0x00000000c2a00000, 0x00000000c2b00000|  0%| F|  |TAMS 0x00000000c2a00000, 0x00000000c2a00000| Untracked 
|  43|0x00000000c2b00000, 0x00000000c2b00000, 0x00000000c2c00000|  0%| F|  |TAMS 0x00000000c2b00000, 0x00000000c2b00000| Untracked 
|  44|0x00000000c2c00000, 0x00000000c2c00000, 0x00000000c2d00000|  0%| F|  |TAMS 0x00000000c2c00000, 0x00000000c2c00000| Untracked 
|  45|0x00000000c2d00000, 0x00000000c2d00000, 0x00000000c2e00000|  0%| F|  |TAMS 0x00000000c2d00000, 0x00000000c2d00000| Untracked 
|  46|0x00000000c2e00000, 0x00000000c2e00000, 0x00000000c2f00000|  0%| F|  |TAMS 0x00000000c2e00000, 0x00000000c2e00000| Untracked 
|  47|0x00000000c2f00000, 0x00000000c2f00000, 0x00000000c3000000|  0%| F|  |TAMS 0x00000000c2f00000, 0x00000000c2f00000| Untracked 
|  48|0x00000000c3000000, 0x00000000c3000000, 0x00000000c3100000|  0%| F|  |TAMS 0x00000000c3000000, 0x00000000c3000000| Untracked 
|  49|0x00000000c3100000, 0x00000000c3100000, 0x00000000c3200000|  0%| F|  |TAMS 0x00000000c3100000, 0x00000000c3100000| Untracked 
|  50|0x00000000c3200000, 0x00000000c3200000, 0x00000000c3300000|  0%| F|  |TAMS 0x00000000c3200000, 0x00000000c3200000| Untracked 
|  51|0x00000000c3300000, 0x00000000c3300000, 0x00000000c3400000|  0%| F|  |TAMS 0x00000000c3300000, 0x00000000c3300000| Untracked 
|  52|0x00000000c3400000, 0x00000000c3400000, 0x00000000c3500000|  0%| F|  |TAMS 0x00000000c3400000, 0x00000000c3400000| Untracked 
|  53|0x00000000c3500000, 0x00000000c3500000, 0x00000000c3600000|  0%| F|  |TAMS 0x00000000c3500000, 0x00000000c3500000| Untracked 
|  54|0x00000000c3600000, 0x00000000c3600000, 0x00000000c3700000|  0%| F|  |TAMS 0x00000000c3600000, 0x00000000c3600000| Untracked 
|  55|0x00000000c3700000, 0x00000000c3700000, 0x00000000c3800000|  0%| F|  |TAMS 0x00000000c3700000, 0x00000000c3700000| Untracked 
|  56|0x00000000c3800000, 0x00000000c3800000, 0x00000000c3900000|  0%| F|  |TAMS 0x00000000c3800000, 0x00000000c3800000| Untracked 
|  57|0x00000000c3900000, 0x00000000c3900000, 0x00000000c3a00000|  0%| F|  |TAMS 0x00000000c3900000, 0x00000000c3900000| Untracked 
|  58|0x00000000c3a00000, 0x00000000c3a00000, 0x00000000c3b00000|  0%| F|  |TAMS 0x00000000c3a00000, 0x00000000c3a00000| Untracked 
|  59|0x00000000c3b00000, 0x00000000c3b00000, 0x00000000c3c00000|  0%| F|  |TAMS 0x00000000c3b00000, 0x00000000c3b00000| Untracked 
|  60|0x00000000c3c00000, 0x00000000c3c00000, 0x00000000c3d00000|  0%| F|  |TAMS 0x00000000c3c00000, 0x00000000c3c00000| Untracked 
|  61|0x00000000c3d00000, 0x00000000c3d00000, 0x00000000c3e00000|  0%| F|  |TAMS 0x00000000c3d00000, 0x00000000c3d00000| Untracked 
|  62|0x00000000c3e00000, 0x00000000c3e00000, 0x00000000c3f00000|  0%| F|  |TAMS 0x00000000c3e00000, 0x00000000c3e00000| Untracked 
|  63|0x00000000c3f00000, 0x00000000c3f00000, 0x00000000c4000000|  0%| F|  |TAMS 0x00000000c3f00000, 0x00000000c3f00000| Untracked 
|  64|0x00000000c4000000, 0x00000000c4000000, 0x00000000c4100000|  0%| F|  |TAMS 0x00000000c4000000, 0x00000000c4000000| Untracked 
|  65|0x00000000c4100000, 0x00000000c4100000, 0x00000000c4200000|  0%| F|  |TAMS 0x00000000c4100000, 0x00000000c4100000| Untracked 
|  66|0x00000000c4200000, 0x00000000c4200000, 0x00000000c4300000|  0%| F|  |TAMS 0x00000000c4200000, 0x00000000c4200000| Untracked 
|  67|0x00000000c4300000, 0x00000000c4300000, 0x00000000c4400000|  0%| F|  |TAMS 0x00000000c4300000, 0x00000000c4300000| Untracked 
|  68|0x00000000c4400000, 0x00000000c4400000, 0x00000000c4500000|  0%| F|  |TAMS 0x00000000c4400000, 0x00000000c4400000| Untracked 
|  69|0x00000000c4500000, 0x00000000c4500000, 0x00000000c4600000|  0%| F|  |TAMS 0x00000000c4500000, 0x00000000c4500000| Untracked 
|  70|0x00000000c4600000, 0x00000000c4600000, 0x00000000c4700000|  0%| F|  |TAMS 0x00000000c4600000, 0x00000000c4600000| Untracked 
|  71|0x00000000c4700000, 0x00000000c4700000, 0x00000000c4800000|  0%| F|  |TAMS 0x00000000c4700000, 0x00000000c4700000| Untracked 
|  72|0x00000000c4800000, 0x00000000c4800000, 0x00000000c4900000|  0%| F|  |TAMS 0x00000000c4800000, 0x00000000c4800000| Untracked 
|  73|0x00000000c4900000, 0x00000000c4900000, 0x00000000c4a00000|  0%| F|  |TAMS 0x00000000c4900000, 0x00000000c4900000| Untracked 
|  74|0x00000000c4a00000, 0x00000000c4a00000, 0x00000000c4b00000|  0%| F|  |TAMS 0x00000000c4a00000, 0x00000000c4a00000| Untracked 
|  75|0x00000000c4b00000, 0x00000000c4b00000, 0x00000000c4c00000|  0%| F|  |TAMS 0x00000000c4b00000, 0x00000000c4b00000| Untracked 
|  76|0x00000000c4c00000, 0x00000000c4c00000, 0x00000000c4d00000|  0%| F|  |TAMS 0x00000000c4c00000, 0x00000000c4c00000| Untracked 
|  77|0x00000000c4d00000, 0x00000000c4d00000, 0x00000000c4e00000|  0%| F|  |TAMS 0x00000000c4d00000, 0x00000000c4d00000| Untracked 
|  78|0x00000000c4e00000, 0x00000000c4e00000, 0x00000000c4f00000|  0%| F|  |TAMS 0x00000000c4e00000, 0x00000000c4e00000| Untracked 
|  79|0x00000000c4f00000, 0x00000000c4f00000, 0x00000000c5000000|  0%| F|  |TAMS 0x00000000c4f00000, 0x00000000c4f00000| Untracked 
|  80|0x00000000c5000000, 0x00000000c5000000, 0x00000000c5100000|  0%| F|  |TAMS 0x00000000c5000000, 0x00000000c5000000| Untracked 
|  81|0x00000000c5100000, 0x00000000c5100000, 0x00000000c5200000|  0%| F|  |TAMS 0x00000000c5100000, 0x00000000c5100000| Untracked 
|  82|0x00000000c5200000, 0x00000000c5200000, 0x00000000c5300000|  0%| F|  |TAMS 0x00000000c5200000, 0x00000000c5200000| Untracked 
|  83|0x00000000c5300000, 0x00000000c532e310, 0x00000000c5400000| 18%| E|  |TAMS 0x00000000c5300000, 0x00000000c5300000| Complete 

Card table byte_map: [0x0000016d65070000,0x0000016d65270000] _byte_map_base: 0x0000016d64a70000

Marking Bits (Prev, Next): (CMBitMap*) 0x0000016d5d175d60, (CMBitMap*) 0x0000016d5d175d20
 Prev Bits: [0x0000016d66470000, 0x0000016d67470000)
 Next Bits: [0x0000016d65470000, 0x0000016d66470000)

Polling page: 0x0000016d5d1f0000

Metaspace:

Usage:
  Non-class:     38.00 MB used.
      Class:      6.32 MB used.
       Both:     44.32 MB used.

Virtual space:
  Non-class space:       40.00 MB reserved,      38.31 MB ( 96%) committed,  5 nodes.
      Class space:        1.00 GB reserved,       6.56 MB ( <1%) committed,  1 nodes.
             Both:        1.04 GB reserved,      44.88 MB (  4%) committed. 

Chunk freelists:
   Non-Class:  1.17 MB
       Class:  1.44 MB
        Both:  2.61 MB

MaxMetaspaceSize: unlimited
CompressedClassSpaceSize: 1.00 GB
Initial GC threshold: 21.00 MB
Current GC threshold: 74.81 MB
CDS: off
MetaspaceReclaimPolicy: balanced
 - commit_granule_bytes: 65536.
 - commit_granule_words: 8192.
 - virtual_space_node_default_size: 1048576.
 - enlarge_chunks_in_place: 1.
 - new_chunks_are_fully_committed: 0.
 - uncommit_free_chunks: 1.
 - use_allocation_guard: 0.
 - handle_deallocations: 1.


Internal statistics:

num_allocs_failed_limit: 10.
num_arena_births: 518.
num_arena_deaths: 136.
num_vsnodes_births: 6.
num_vsnodes_deaths: 0.
num_space_committed: 718.
num_space_uncommitted: 0.
num_chunks_returned_to_freelist: 173.
num_chunks_taken_from_freelist: 1950.
num_chunk_merges: 60.
num_chunk_splits: 1365.
num_chunks_enlarged: 1032.
num_purges: 6.
num_inconsistent_stats: 0.

CodeCache: size=49152Kb used=11582Kb max_used=13229Kb free=37570Kb
 bounds [0x0000016d61590000, 0x0000016d62280000, 0x0000016d64590000]
 total_blobs=6819 nmethods=6258 adapters=487
 compilation: enabled
              stopped_count=0, restarted_count=0
 full_count=0

Compilation events (20 events):
Event: 381.323 Thread 0x0000016d6a847cc0 6248       1       java.util.concurrent.locks.LockSupport::parkNanos (29 bytes)
Event: 381.323 Thread 0x0000016d6a847cc0 nmethod 6248 0x0000016d6173b290 code [0x0000016d6173b440, 0x0000016d6173b628]
Event: 395.864 Thread 0x0000016d6a847cc0 6249       1       java.util.concurrent.locks.AbstractQueuedSynchronizer$ConditionNode::<init> (5 bytes)
Event: 395.864 Thread 0x0000016d6a847cc0 nmethod 6249 0x0000016d6173af90 code [0x0000016d6173b120, 0x0000016d6173b1d8]
Event: 395.864 Thread 0x0000016d6a847cc0 6250       1       java.util.concurrent.locks.AbstractQueuedSynchronizer$ConditionObject::enableWait (84 bytes)
Event: 395.864 Thread 0x0000016d6a847cc0 nmethod 6250 0x0000016d6173a790 code [0x0000016d6173a980, 0x0000016d6173ad78]
Event: 395.864 Thread 0x0000016d6a847cc0 6251       1       java.util.concurrent.locks.AbstractQueuedSynchronizer$Node::setStatusRelaxed (12 bytes)
Event: 395.864 Thread 0x0000016d6a847cc0 nmethod 6251 0x0000016d6173a490 code [0x0000016d6173a620, 0x0000016d6173a6f8]
Event: 415.860 Thread 0x0000016d6a847cc0 6252       1       java.util.concurrent.ThreadPoolExecutor::getQueue (5 bytes)
Event: 415.860 Thread 0x0000016d6a847cc0 nmethod 6252 0x0000016d6173a190 code [0x0000016d6173a320, 0x0000016d6173a3f8]
Event: 425.721 Thread 0x0000016d6a847cc0 6253       1       java.util.concurrent.ScheduledThreadPoolExecutor$DelayedWorkQueue::setIndex (16 bytes)
Event: 425.722 Thread 0x0000016d6a847cc0 nmethod 6253 0x0000016d61739e10 code [0x0000016d61739fa0, 0x0000016d6173a0b8]
Event: 425.863 Thread 0x0000016d6a847cc0 6254       1       java.util.concurrent.ScheduledThreadPoolExecutor$ScheduledFutureTask::getDelay (16 bytes)
Event: 425.863 Thread 0x0000016d6a847cc0 nmethod 6254 0x0000016d61739a90 code [0x0000016d61739c20, 0x0000016d61739d48]
Event: 425.863 Thread 0x0000016d6a847cc0 6255       1       java.util.concurrent.TimeUnit::convert (77 bytes)
Event: 425.863 Thread 0x0000016d6a847cc0 nmethod 6255 0x0000016d61739490 code [0x0000016d61739680, 0x0000016d61739908]
Event: 442.113 Thread 0x0000016d6a847cc0 6256       1       java.lang.invoke.LambdaForm$MH/0x000000010008bc00::invoke (148 bytes)
Event: 442.114 Thread 0x0000016d6a847cc0 nmethod 6256 0x0000016d61738a10 code [0x0000016d61738c40, 0x0000016d61739048]
Event: 767.466 Thread 0x0000016d6a847cc0 6258       1       java.util.concurrent.locks.AbstractQueuedSynchronizer$ConditionObject::unlinkCancelledWaiters (91 bytes)
Event: 767.466 Thread 0x0000016d6a847cc0 nmethod 6258 0x0000016d61738090 code [0x0000016d61738240, 0x0000016d617384d8]

GC Heap History (20 events):
Event: 665.535 GC heap before
{Heap before GC invocations=108 (full 61):
 garbage-first heap   total 86016K, used 25254K [0x00000000c0000000, 0x0000000100000000)
  region size 1024K, 1 young (1024K), 0 survivors (0K)
 Metaspace       used 45387K, committed 45952K, reserved 1089536K
  class space    used 6474K, committed 6720K, reserved 1048576K
}
Event: 665.557 GC heap after
{Heap after GC invocations=109 (full 62):
 garbage-first heap   total 86016K, used 25254K [0x00000000c0000000, 0x0000000100000000)
  region size 1024K, 0 young (0K), 0 survivors (0K)
 Metaspace       used 45387K, committed 45952K, reserved 1089536K
  class space    used 6474K, committed 6720K, reserved 1048576K
}
Event: 675.691 GC heap before
{Heap before GC invocations=109 (full 62):
 garbage-first heap   total 86016K, used 25254K [0x00000000c0000000, 0x0000000100000000)
  region size 1024K, 1 young (1024K), 0 survivors (0K)
 Metaspace       used 45387K, committed 45952K, reserved 1089536K
  class space    used 6474K, committed 6720K, reserved 1048576K
}
Event: 675.714 GC heap after
{Heap after GC invocations=110 (full 63):
 garbage-first heap   total 86016K, used 25254K [0x00000000c0000000, 0x0000000100000000)
  region size 1024K, 0 young (0K), 0 survivors (0K)
 Metaspace       used 45387K, committed 45952K, reserved 1089536K
  class space    used 6474K, committed 6720K, reserved 1048576K
}
Event: 685.889 GC heap before
{Heap before GC invocations=110 (full 63):
 garbage-first heap   total 86016K, used 25254K [0x00000000c0000000, 0x0000000100000000)
  region size 1024K, 1 young (1024K), 0 survivors (0K)
 Metaspace       used 45387K, committed 45952K, reserved 1089536K
  class space    used 6474K, committed 6720K, reserved 1048576K
}
Event: 685.919 GC heap after
{Heap after GC invocations=111 (full 64):
 garbage-first heap   total 86016K, used 25254K [0x00000000c0000000, 0x0000000100000000)
  region size 1024K, 0 young (0K), 0 survivors (0K)
 Metaspace       used 45387K, committed 45952K, reserved 1089536K
  class space    used 6474K, committed 6720K, reserved 1048576K
}
Event: 696.114 GC heap before
{Heap before GC invocations=111 (full 64):
 garbage-first heap   total 86016K, used 25254K [0x00000000c0000000, 0x0000000100000000)
  region size 1024K, 1 young (1024K), 0 survivors (0K)
 Metaspace       used 45387K, committed 45952K, reserved 1089536K
  class space    used 6474K, committed 6720K, reserved 1048576K
}
Event: 696.146 GC heap after
{Heap after GC invocations=112 (full 65):
 garbage-first heap   total 86016K, used 25254K [0x00000000c0000000, 0x0000000100000000)
  region size 1024K, 0 young (0K), 0 survivors (0K)
 Metaspace       used 45387K, committed 45952K, reserved 1089536K
  class space    used 6474K, committed 6720K, reserved 1048576K
}
Event: 706.260 GC heap before
{Heap before GC invocations=112 (full 65):
 garbage-first heap   total 86016K, used 25254K [0x00000000c0000000, 0x0000000100000000)
  region size 1024K, 1 young (1024K), 0 survivors (0K)
 Metaspace       used 45387K, committed 45952K, reserved 1089536K
  class space    used 6474K, committed 6720K, reserved 1048576K
}
Event: 706.281 GC heap after
{Heap after GC invocations=113 (full 66):
 garbage-first heap   total 86016K, used 25254K [0x00000000c0000000, 0x0000000100000000)
  region size 1024K, 0 young (0K), 0 survivors (0K)
 Metaspace       used 45387K, committed 45952K, reserved 1089536K
  class space    used 6474K, committed 6720K, reserved 1048576K
}
Event: 716.499 GC heap before
{Heap before GC invocations=113 (full 66):
 garbage-first heap   total 86016K, used 25254K [0x00000000c0000000, 0x0000000100000000)
  region size 1024K, 1 young (1024K), 0 survivors (0K)
 Metaspace       used 45387K, committed 45952K, reserved 1089536K
  class space    used 6474K, committed 6720K, reserved 1048576K
}
Event: 716.525 GC heap after
{Heap after GC invocations=114 (full 67):
 garbage-first heap   total 86016K, used 25254K [0x00000000c0000000, 0x0000000100000000)
  region size 1024K, 0 young (0K), 0 survivors (0K)
 Metaspace       used 45387K, committed 45952K, reserved 1089536K
  class space    used 6474K, committed 6720K, reserved 1048576K
}
Event: 726.722 GC heap before
{Heap before GC invocations=114 (full 67):
 garbage-first heap   total 86016K, used 25254K [0x00000000c0000000, 0x0000000100000000)
  region size 1024K, 1 young (1024K), 0 survivors (0K)
 Metaspace       used 45387K, committed 45952K, reserved 1089536K
  class space    used 6474K, committed 6720K, reserved 1048576K
}
Event: 726.753 GC heap after
{Heap after GC invocations=115 (full 68):
 garbage-first heap   total 86016K, used 25254K [0x00000000c0000000, 0x0000000100000000)
  region size 1024K, 0 young (0K), 0 survivors (0K)
 Metaspace       used 45387K, committed 45952K, reserved 1089536K
  class space    used 6474K, committed 6720K, reserved 1048576K
}
Event: 737.096 GC heap before
{Heap before GC invocations=115 (full 68):
 garbage-first heap   total 86016K, used 25254K [0x00000000c0000000, 0x0000000100000000)
  region size 1024K, 1 young (1024K), 0 survivors (0K)
 Metaspace       used 45387K, committed 45952K, reserved 1089536K
  class space    used 6474K, committed 6720K, reserved 1048576K
}
Event: 737.136 GC heap after
{Heap after GC invocations=116 (full 69):
 garbage-first heap   total 86016K, used 25254K [0x00000000c0000000, 0x0000000100000000)
  region size 1024K, 0 young (0K), 0 survivors (0K)
 Metaspace       used 45387K, committed 45952K, reserved 1089536K
  class space    used 6474K, committed 6720K, reserved 1048576K
}
Event: 747.279 GC heap before
{Heap before GC invocations=116 (full 69):
 garbage-first heap   total 86016K, used 25254K [0x00000000c0000000, 0x0000000100000000)
  region size 1024K, 1 young (1024K), 0 survivors (0K)
 Metaspace       used 45387K, committed 45952K, reserved 1089536K
  class space    used 6474K, committed 6720K, reserved 1048576K
}
Event: 747.301 GC heap after
{Heap after GC invocations=117 (full 70):
 garbage-first heap   total 86016K, used 25254K [0x00000000c0000000, 0x0000000100000000)
  region size 1024K, 0 young (0K), 0 survivors (0K)
 Metaspace       used 45387K, committed 45952K, reserved 1089536K
  class space    used 6474K, committed 6720K, reserved 1048576K
}
Event: 757.433 GC heap before
{Heap before GC invocations=117 (full 70):
 garbage-first heap   total 86016K, used 25254K [0x00000000c0000000, 0x0000000100000000)
  region size 1024K, 1 young (1024K), 0 survivors (0K)
 Metaspace       used 45387K, committed 45952K, reserved 1089536K
  class space    used 6474K, committed 6720K, reserved 1048576K
}
Event: 757.455 GC heap after
{Heap after GC invocations=118 (full 71):
 garbage-first heap   total 86016K, used 25254K [0x00000000c0000000, 0x0000000100000000)
  region size 1024K, 0 young (0K), 0 survivors (0K)
 Metaspace       used 45387K, committed 45952K, reserved 1089536K
  class space    used 6474K, committed 6720K, reserved 1048576K
}

Dll operation events (8 events):
Event: 0.013 Loaded shared library c:\Users\Ming\.vscode\extensions\redhat.java-1.17.0-win32-x64\jre\17.0.6-win32-x86_64\bin\java.dll
Event: 0.451 Loaded shared library C:\Users\Ming\.vscode\extensions\redhat.java-1.17.0-win32-x64\jre\17.0.6-win32-x86_64\bin\net.dll
Event: 0.456 Loaded shared library C:\Users\Ming\.vscode\extensions\redhat.java-1.17.0-win32-x64\jre\17.0.6-win32-x86_64\bin\nio.dll
Event: 0.523 Loaded shared library C:\Users\Ming\.vscode\extensions\redhat.java-1.17.0-win32-x64\jre\17.0.6-win32-x86_64\bin\zip.dll
Event: 1.359 Loaded shared library C:\Users\Ming\.vscode\extensions\redhat.java-1.17.0-win32-x64\jre\17.0.6-win32-x86_64\bin\jimage.dll
Event: 5.903 Loaded shared library C:\Users\Ming\.vscode\extensions\redhat.java-1.17.0-win32-x64\jre\17.0.6-win32-x86_64\bin\management.dll
Event: 5.907 Loaded shared library C:\Users\Ming\.vscode\extensions\redhat.java-1.17.0-win32-x64\jre\17.0.6-win32-x86_64\bin\management_ext.dll
Event: 12.824 Loaded shared library c:\Users\Ming\.vscode\extensions\redhat.java-1.17.0-win32-x64\jre\17.0.6-win32-x86_64\bin\verify.dll

Deoptimization events (20 events):
Event: 6.365 Thread 0x0000016d6c969410 DEOPT PACKING pc=0x0000016d61d41b35 sp=0x00000020ceefe1f0
Event: 6.365 Thread 0x0000016d6c969410 DEOPT UNPACKING pc=0x0000016d615eace3 sp=0x00000020ceefd718 mode 3
Event: 6.465 Thread 0x0000016d6c986aa0 DEOPT PACKING pc=0x0000016d61d5cb2b sp=0x00000020cfdfe520
Event: 6.465 Thread 0x0000016d6c986aa0 DEOPT UNPACKING pc=0x0000016d615eace3 sp=0x00000020cfdfda68 mode 3
Event: 6.932 Thread 0x0000016d6c989ac0 DEOPT PACKING pc=0x0000016d61a96a01 sp=0x00000020d07fef00
Event: 6.932 Thread 0x0000016d6c989ac0 DEOPT UNPACKING pc=0x0000016d615eace3 sp=0x00000020d07fe390 mode 3
Event: 7.463 Thread 0x0000016d6c985290 DEOPT PACKING pc=0x0000016d61a93697 sp=0x00000020d06fede0
Event: 7.463 Thread 0x0000016d6c985290 DEOPT UNPACKING pc=0x0000016d615eace3 sp=0x00000020d06fe238 mode 3
Event: 12.874 Thread 0x0000016d6c986aa0 DEOPT PACKING pc=0x0000016d61a7c8d2 sp=0x00000020cfdfd090
Event: 12.874 Thread 0x0000016d6c986aa0 DEOPT UNPACKING pc=0x0000016d615eace3 sp=0x00000020cfdfc598 mode 3
Event: 13.328 Thread 0x0000016d6c986aa0 DEOPT PACKING pc=0x0000016d622303f4 sp=0x00000020cfdfdda0
Event: 13.328 Thread 0x0000016d6c986aa0 DEOPT UNPACKING pc=0x0000016d615eace3 sp=0x00000020cfdfd2d0 mode 0
Event: 13.329 Thread 0x0000016d6c986aa0 DEOPT PACKING pc=0x0000016d621d6cf4 sp=0x00000020cfdfe0a0
Event: 13.329 Thread 0x0000016d6c986aa0 DEOPT UNPACKING pc=0x0000016d615eace3 sp=0x00000020cfdfd598 mode 0
Event: 13.329 Thread 0x0000016d6c986aa0 DEOPT PACKING pc=0x0000016d6216b374 sp=0x00000020cfdfe170
Event: 13.329 Thread 0x0000016d6c986aa0 DEOPT UNPACKING pc=0x0000016d615eace3 sp=0x00000020cfdfd648 mode 0
Event: 13.329 Thread 0x0000016d6c986aa0 DEOPT PACKING pc=0x0000016d62165424 sp=0x00000020cfdfe220
Event: 13.329 Thread 0x0000016d6c986aa0 DEOPT UNPACKING pc=0x0000016d615eace3 sp=0x00000020cfdfd7a0 mode 0
Event: 13.329 Thread 0x0000016d6c986aa0 DEOPT PACKING pc=0x0000016d6221e52c sp=0x00000020cfdfe540
Event: 13.329 Thread 0x0000016d6c986aa0 DEOPT UNPACKING pc=0x0000016d615eace3 sp=0x00000020cfdfd9d0 mode 0

Classes unloaded (20 events):
Event: 86.683 Thread 0x0000016d69f37fd0 Unloading class 0x0000000100088c00 'java/lang/invoke/LambdaForm$MH+0x0000000100088c00'
Event: 96.827 Thread 0x0000016d69f37fd0 Unloading class 0x0000000100690c00 'jdk/internal/reflect/GeneratedConstructorAccessor30'
Event: 96.827 Thread 0x0000016d69f37fd0 Unloading class 0x0000000100690800 'jdk/internal/reflect/GeneratedConstructorAccessor29'
Event: 96.827 Thread 0x0000016d69f37fd0 Unloading class 0x0000000100690400 'jdk/internal/reflect/GeneratedConstructorAccessor28'
Event: 96.827 Thread 0x0000016d69f37fd0 Unloading class 0x0000000100690000 'jdk/internal/reflect/GeneratedConstructorAccessor27'
Event: 96.827 Thread 0x0000016d69f37fd0 Unloading class 0x000000010068dc00 'jdk/internal/reflect/GeneratedConstructorAccessor26'
Event: 96.827 Thread 0x0000016d69f37fd0 Unloading class 0x000000010068d800 'jdk/internal/reflect/GeneratedConstructorAccessor25'
Event: 96.827 Thread 0x0000016d69f37fd0 Unloading class 0x000000010068d400 'jdk/internal/reflect/GeneratedConstructorAccessor24'
Event: 96.827 Thread 0x0000016d69f37fd0 Unloading class 0x000000010068d000 'jdk/internal/reflect/GeneratedConstructorAccessor23'
Event: 96.827 Thread 0x0000016d69f37fd0 Unloading class 0x000000010068cc00 'jdk/internal/reflect/GeneratedConstructorAccessor22'
Event: 96.827 Thread 0x0000016d69f37fd0 Unloading class 0x000000010068c800 'jdk/internal/reflect/GeneratedConstructorAccessor21'
Event: 96.827 Thread 0x0000016d69f37fd0 Unloading class 0x000000010068c400 'jdk/internal/reflect/GeneratedConstructorAccessor20'
Event: 96.827 Thread 0x0000016d69f37fd0 Unloading class 0x0000000100650000 'jdk/internal/reflect/GeneratedMethodAccessor21'
Event: 96.827 Thread 0x0000016d69f37fd0 Unloading class 0x000000010008b800 'java/lang/invoke/LambdaForm$MH+0x000000010008b800'
Event: 96.827 Thread 0x0000016d69f37fd0 Unloading class 0x000000010008b400 'java/lang/invoke/LambdaForm$MH+0x000000010008b400'
Event: 96.827 Thread 0x0000016d69f37fd0 Unloading class 0x000000010008b000 'java/lang/invoke/LambdaForm$MH+0x000000010008b000'
Event: 96.827 Thread 0x0000016d69f37fd0 Unloading class 0x000000010008ac00 'java/lang/invoke/LambdaForm$MH+0x000000010008ac00'
Event: 96.827 Thread 0x0000016d69f37fd0 Unloading class 0x000000010008a800 'java/lang/invoke/LambdaForm$MH+0x000000010008a800'
Event: 96.827 Thread 0x0000016d69f37fd0 Unloading class 0x000000010008a400 'java/lang/invoke/LambdaForm$MH+0x000000010008a400'
Event: 96.827 Thread 0x0000016d69f37fd0 Unloading class 0x0000000100088400 'java/lang/invoke/LambdaForm$MH+0x0000000100088400'

Classes redefined (0 events):
No events

Internal exceptions (20 events):
Event: 12.597 Thread 0x0000016d6c985760 Exception <a 'sun/nio/fs/WindowsException'{0x00000000d3c37748}> (0x00000000d3c37748) 
thrown [s\src\hotspot\share\prims\jni.cpp, line 516]
Event: 12.597 Thread 0x0000016d6c985760 Exception <a 'sun/nio/fs/WindowsException'{0x00000000d3c37ae8}> (0x00000000d3c37ae8) 
thrown [s\src\hotspot\share\prims\jni.cpp, line 516]
Event: 12.597 Thread 0x0000016d6c985760 Exception <a 'sun/nio/fs/WindowsException'{0x00000000d3c384e0}> (0x00000000d3c384e0) 
thrown [s\src\hotspot\share\prims\jni.cpp, line 516]
Event: 12.597 Thread 0x0000016d6c985760 Exception <a 'sun/nio/fs/WindowsException'{0x00000000d3c38890}> (0x00000000d3c38890) 
thrown [s\src\hotspot\share\prims\jni.cpp, line 516]
Event: 12.597 Thread 0x0000016d6c985760 Exception <a 'sun/nio/fs/WindowsException'{0x00000000d3c392a0}> (0x00000000d3c392a0) 
thrown [s\src\hotspot\share\prims\jni.cpp, line 516]
Event: 12.597 Thread 0x0000016d6c985760 Exception <a 'sun/nio/fs/WindowsException'{0x00000000d3c39670}> (0x00000000d3c39670) 
thrown [s\src\hotspot\share\prims\jni.cpp, line 516]
Event: 12.597 Thread 0x0000016d6c985760 Exception <a 'sun/nio/fs/WindowsException'{0x00000000d3c3a098}> (0x00000000d3c3a098) 
thrown [s\src\hotspot\share\prims\jni.cpp, line 516]
Event: 12.597 Thread 0x0000016d6c985760 Exception <a 'sun/nio/fs/WindowsException'{0x00000000d3c3a480}> (0x00000000d3c3a480) 
thrown [s\src\hotspot\share\prims\jni.cpp, line 516]
Event: 12.597 Thread 0x0000016d6c985760 Exception <a 'sun/nio/fs/WindowsException'{0x00000000d3c3aea0}> (0x00000000d3c3aea0) 
thrown [s\src\hotspot\share\prims\jni.cpp, line 516]
Event: 12.597 Thread 0x0000016d6c985760 Exception <a 'sun/nio/fs/WindowsException'{0x00000000d3c3b280}> (0x00000000d3c3b280) 
thrown [s\src\hotspot\share\prims\jni.cpp, line 516]
Event: 12.598 Thread 0x0000016d6c987440 Exception <a 'java/lang/NoSuchMethodError'{0x00000000d3cc2250}: 'java.lang.Object java.lang.invoke.Invokers$Holder.invoke_MT(java.lang.Object, java.lang.Object, java.lang.Object)'> (0x00000000d3cc2250) 
thrown [s\src\hotspot\share\interpreter\linkResolver.cpp, line 759]
Event: 12.662 Thread 0x0000016d6c984420 Exception <a 'sun/nio/fs/WindowsException'{0x00000000d2376458}> (0x00000000d2376458) 
thrown [s\src\hotspot\share\prims\jni.cpp, line 516]
Event: 12.687 Thread 0x0000016d6c989ac0 Exception <a 'sun/nio/fs/WindowsException'{0x00000000d9602160}> (0x00000000d9602160) 
thrown [s\src\hotspot\share\prims\jni.cpp, line 516]
Event: 12.688 Thread 0x0000016d6c985c30 Exception <a 'sun/nio/fs/WindowsException'{0x00000000d9629790}> (0x00000000d9629790) 
thrown [s\src\hotspot\share\prims\jni.cpp, line 516]
Event: 12.688 Thread 0x0000016d6c989ac0 Exception <a 'sun/nio/fs/WindowsException'{0x00000000d965a570}> (0x00000000d965a570) 
thrown [s\src\hotspot\share\prims\jni.cpp, line 516]
Event: 12.688 Thread 0x0000016d6c985c30 Exception <a 'sun/nio/fs/WindowsException'{0x00000000d96acc70}> (0x00000000d96acc70) 
thrown [s\src\hotspot\share\prims\jni.cpp, line 516]
Event: 12.708 Thread 0x0000016d6c984420 Exception <a 'sun/nio/fs/WindowsException'{0x00000000d968a150}> (0x00000000d968a150) 
thrown [s\src\hotspot\share\prims\jni.cpp, line 516]
Event: 12.724 Thread 0x0000016d6c986aa0 Exception <a 'java/lang/NoSuchMethodError'{0x00000000d88107b0}: 'void java.lang.invoke.DirectMethodHandle$Holder.invokeStatic(java.lang.Object, java.lang.Object, java.lang.Object, java.lang.Object, java.lang.Object, java.lang.Object, java.lang.Object)'> (0x00000000d88107b0) 
thrown [s\src\hotspot\share\interpreter\linkResolver.cpp, line 759]
Event: 45.913 Thread 0x0000016d6a928a70 Exception <a 'java/lang/NoSuchMethodError'{0x00000000d316a470}: 'void java.lang.invoke.DirectMethodHandle$Holder.invokeStatic(java.lang.Object, long)'> (0x00000000d316a470) 
thrown [s\src\hotspot\share\interpreter\linkResolver.cpp, line 759]
Event: 45.913 Thread 0x0000016d6a928a70 Exception <a 'java/lang/NoSuchMethodError'{0x00000000d316f818}: 'java.lang.Object java.lang.invoke.DirectMethodHandle$Holder.newInvokeSpecial(java.lang.Object, long)'> (0x00000000d316f818) 
thrown [s\src\hotspot\share\interpreter\linkResolver.cpp, line 759]

VM Operations (20 events):
Event: 665.557 Executing VM operation: G1CollectFull done
Event: 675.691 Executing VM operation: G1CollectFull
Event: 675.714 Executing VM operation: G1CollectFull done
Event: 685.889 Executing VM operation: G1CollectFull
Event: 685.919 Executing VM operation: G1CollectFull done
Event: 696.114 Executing VM operation: G1CollectFull
Event: 696.146 Executing VM operation: G1CollectFull done
Event: 706.260 Executing VM operation: G1CollectFull
Event: 706.281 Executing VM operation: G1CollectFull done
Event: 716.498 Executing VM operation: G1CollectFull
Event: 716.525 Executing VM operation: G1CollectFull done
Event: 726.722 Executing VM operation: G1CollectFull
Event: 726.753 Executing VM operation: G1CollectFull done
Event: 737.095 Executing VM operation: G1CollectFull
Event: 737.137 Executing VM operation: G1CollectFull done
Event: 747.279 Executing VM operation: G1CollectFull
Event: 747.301 Executing VM operation: G1CollectFull done
Event: 757.433 Executing VM operation: G1CollectFull
Event: 757.455 Executing VM operation: G1CollectFull done
Event: 767.489 Executing VM operation: G1CollectFull

Events (20 events):
Event: 45.914 loading class java/lang/Process$PipeInputStream done
Event: 45.915 loading class jdk/internal/event/ProcessStartEvent
Event: 45.915 loading class jdk/internal/event/ProcessStartEvent done
Event: 46.065 loading class java/io/FileOutputStream$1
Event: 46.066 loading class java/io/FileOutputStream$1 done
Event: 66.628 Thread 0x0000016d6c820fe0 Thread exited: 0x0000016d6c820fe0
Event: 66.628 Thread 0x0000016d6c820170 Thread exited: 0x0000016d6c820170
Event: 66.628 Thread 0x0000016d6c823660 Thread exited: 0x0000016d6c823660
Event: 66.628 Thread 0x0000016d6c8214b0 Thread exited: 0x0000016d6c8214b0
Event: 67.797 Thread 0x0000016d6c969db0 Thread exited: 0x0000016d6c969db0
Event: 67.797 Thread 0x0000016d6c820640 Thread exited: 0x0000016d6c820640
Event: 67.797 Thread 0x0000016d6c81fca0 Thread exited: 0x0000016d6c81fca0
Event: 67.829 Thread 0x0000016d6c823190 Thread exited: 0x0000016d6c823190
Event: 69.873 Thread 0x0000016d6c8227f0 Thread exited: 0x0000016d6c8227f0
Event: 69.882 Thread 0x0000016d6c820b10 Thread exited: 0x0000016d6c820b10
Event: 69.882 Thread 0x0000016d6c9698e0 Thread exited: 0x0000016d6c9698e0
Event: 69.882 Thread 0x0000016d6c822cc0 Thread exited: 0x0000016d6c822cc0
Event: 69.882 Thread 0x0000016d6c821980 Thread exited: 0x0000016d6c821980
Event: 69.882 Thread 0x0000016d6c822320 Thread exited: 0x0000016d6c822320
Event: 73.465 Thread 0x0000016d6c986aa0 Thread exited: 0x0000016d6c986aa0


Dynamic libraries:
0x00007ff7ad960000 - 0x00007ff7ad96e000 	c:\Users\Ming\.vscode\extensions\redhat.java-1.17.0-win32-x64\jre\17.0.6-win32-x86_64\bin\java.exe
0x00007fff31dd0000 - 0x00007fff31fe4000 	C:\WINDOWS\SYSTEM32\ntdll.dll
0x00007fff30f70000 - 0x00007fff31032000 	C:\WINDOWS\System32\KERNEL32.DLL
0x00007fff2f3f0000 - 0x00007fff2f78c000 	C:\WINDOWS\System32\KERNELBASE.dll
0x00007fff2f2d0000 - 0x00007fff2f3e1000 	C:\WINDOWS\System32\ucrtbase.dll
0x00007fff1cbc0000 - 0x00007fff1cbd7000 	c:\Users\Ming\.vscode\extensions\redhat.java-1.17.0-win32-x64\jre\17.0.6-win32-x86_64\bin\jli.dll
0x00007fff31540000 - 0x00007fff316eb000 	C:\WINDOWS\System32\USER32.dll
0x00007fff2f790000 - 0x00007fff2f7b6000 	C:\WINDOWS\System32\win32u.dll
0x00007fff316f0000 - 0x00007fff31719000 	C:\WINDOWS\System32\GDI32.dll
0x00007fff2f7c0000 - 0x00007fff2f8d3000 	C:\WINDOWS\System32\gdi32full.dll
0x00007fff2fb40000 - 0x00007fff2fbda000 	C:\WINDOWS\System32\msvcp_win.dll
0x00007fff26d70000 - 0x00007fff26d89000 	c:\Users\Ming\.vscode\extensions\redhat.java-1.17.0-win32-x64\jre\17.0.6-win32-x86_64\bin\VCRUNTIME140.dll
0x00007fff12390000 - 0x00007fff1261e000 	C:\WINDOWS\WinSxS\amd64_microsoft.windows.common-controls_6595b64144ccf1df_6.0.22621.608_none_a9444ca7c10bb01d\COMCTL32.dll
0x00007fff31ce0000 - 0x00007fff31d87000 	C:\WINDOWS\System32\msvcrt.dll
0x00007fff30f10000 - 0x00007fff30f41000 	C:\WINDOWS\System32\IMM32.DLL
0x00007fff28910000 - 0x00007fff2891c000 	c:\Users\Ming\.vscode\extensions\redhat.java-1.17.0-win32-x64\jre\17.0.6-win32-x86_64\bin\vcruntime140_1.dll
0x00007fff01c80000 - 0x00007fff01d11000 	c:\Users\Ming\.vscode\extensions\redhat.java-1.17.0-win32-x64\jre\17.0.6-win32-x86_64\bin\msvcp140.dll
0x00007ffefe140000 - 0x00007ffefed87000 	c:\Users\Ming\.vscode\extensions\redhat.java-1.17.0-win32-x64\jre\17.0.6-win32-x86_64\bin\server\jvm.dll
0x00007fff30850000 - 0x00007fff308fe000 	C:\WINDOWS\System32\ADVAPI32.dll
0x00007fff30900000 - 0x00007fff309a4000 	C:\WINDOWS\System32\sechost.dll
0x00007fff31420000 - 0x00007fff31537000 	C:\WINDOWS\System32\RPCRT4.dll
0x00007ffec1fb0000 - 0x00007ffec1fb9000 	C:\WINDOWS\SYSTEM32\WSOCK32.dll
0x00007fff319d0000 - 0x00007fff31a41000 	C:\WINDOWS\System32\WS2_32.dll
0x00007fff29010000 - 0x00007fff29044000 	C:\WINDOWS\SYSTEM32\WINMM.dll
0x00007fff23b70000 - 0x00007fff23b7a000 	C:\WINDOWS\SYSTEM32\VERSION.dll
0x00007fff2e350000 - 0x00007fff2e368000 	C:\WINDOWS\SYSTEM32\kernel.appcore.dll
0x00007fff26e90000 - 0x00007fff26e9a000 	c:\Users\Ming\.vscode\extensions\redhat.java-1.17.0-win32-x64\jre\17.0.6-win32-x86_64\bin\jimage.dll
0x00007fff295b0000 - 0x00007fff297de000 	C:\WINDOWS\SYSTEM32\DBGHELP.DLL
0x00007fff30b70000 - 0x00007fff30ef9000 	C:\WINDOWS\System32\combase.dll
0x00007fff31c00000 - 0x00007fff31cd7000 	C:\WINDOWS\System32\OLEAUT32.dll
0x00007fff28fb0000 - 0x00007fff28fe2000 	C:\WINDOWS\SYSTEM32\dbgcore.DLL
0x00007fff2fa50000 - 0x00007fff2facb000 	C:\WINDOWS\System32\bcryptPrimitives.dll
0x00007fff1a510000 - 0x00007fff1a535000 	c:\Users\Ming\.vscode\extensions\redhat.java-1.17.0-win32-x64\jre\17.0.6-win32-x86_64\bin\java.dll
0x00007fff1a190000 - 0x00007fff1a1a8000 	c:\Users\Ming\.vscode\extensions\redhat.java-1.17.0-win32-x64\jre\17.0.6-win32-x86_64\bin\zip.dll
0x00007fff30060000 - 0x00007fff30850000 	C:\WINDOWS\System32\SHELL32.dll
0x00007fff2d1f0000 - 0x00007fff2dabd000 	C:\WINDOWS\SYSTEM32\windows.storage.dll
0x00007fff2d0b0000 - 0x00007fff2d1ee000 	C:\WINDOWS\SYSTEM32\wintypes.dll
0x00007fff31310000 - 0x00007fff31401000 	C:\WINDOWS\System32\SHCORE.dll
0x00007fff30ab0000 - 0x00007fff30b0e000 	C:\WINDOWS\System32\shlwapi.dll
0x00007fff2f140000 - 0x00007fff2f161000 	C:\WINDOWS\SYSTEM32\profapi.dll
0x00007fff1a130000 - 0x00007fff1a149000 	C:\Users\Ming\.vscode\extensions\redhat.java-1.17.0-win32-x64\jre\17.0.6-win32-x86_64\bin\net.dll
0x00007fff28a00000 - 0x00007fff28b37000 	C:\WINDOWS\SYSTEM32\WINHTTP.dll
0x00007fff2e7c0000 - 0x00007fff2e829000 	C:\WINDOWS\system32\mswsock.dll
0x00007fff197d0000 - 0x00007fff197e5000 	C:\Users\Ming\.vscode\extensions\redhat.java-1.17.0-win32-x64\jre\17.0.6-win32-x86_64\bin\nio.dll
0x00007fff2ea30000 - 0x00007fff2ea4b000 	C:\WINDOWS\SYSTEM32\CRYPTSP.dll
0x00007fff2e2c0000 - 0x00007fff2e2f5000 	C:\WINDOWS\system32\rsaenh.dll
0x00007fff2e8c0000 - 0x00007fff2e8e8000 	C:\WINDOWS\SYSTEM32\USERENV.dll
0x00007fff2ebc0000 - 0x00007fff2ebe8000 	C:\WINDOWS\SYSTEM32\bcrypt.dll
0x00007fff2ea20000 - 0x00007fff2ea2c000 	C:\WINDOWS\SYSTEM32\CRYPTBASE.dll
0x00007fff2dd80000 - 0x00007fff2ddad000 	C:\WINDOWS\SYSTEM32\IPHLPAPI.DLL
0x00007fff309b0000 - 0x00007fff309b9000 	C:\WINDOWS\System32\NSI.dll
0x00007fff25310000 - 0x00007fff25329000 	C:\WINDOWS\SYSTEM32\dhcpcsvc6.DLL
0x00007fff252f0000 - 0x00007fff2530f000 	C:\WINDOWS\SYSTEM32\dhcpcsvc.DLL
0x00007fff2ddf0000 - 0x00007fff2dee3000 	C:\WINDOWS\SYSTEM32\DNSAPI.dll
0x00007fff1df60000 - 0x00007fff1df69000 	C:\Users\Ming\.vscode\extensions\redhat.java-1.17.0-win32-x64\jre\17.0.6-win32-x86_64\bin\management.dll
0x00007fff1a4b0000 - 0x00007fff1a4bb000 	C:\Users\Ming\.vscode\extensions\redhat.java-1.17.0-win32-x64\jre\17.0.6-win32-x86_64\bin\management_ext.dll
0x00007fff30f00000 - 0x00007fff30f08000 	C:\WINDOWS\System32\PSAPI.DLL
0x00007fff26b50000 - 0x00007fff26b60000 	c:\Users\Ming\.vscode\extensions\redhat.java-1.17.0-win32-x64\jre\17.0.6-win32-x86_64\bin\verify.dll

dbghelp: loaded successfully - version: 4.0.5 - missing functions: none
symbol engine: initialized successfully - sym options: 0x614 - pdb path: .;c:\Users\Ming\.vscode\extensions\redhat.java-1.17.0-win32-x64\jre\17.0.6-win32-x86_64\bin;C:\WINDOWS\SYSTEM32;C:\WINDOWS\WinSxS\amd64_microsoft.windows.common-controls_6595b64144ccf1df_6.0.22621.608_none_a9444ca7c10bb01d;c:\Users\Ming\.vscode\extensions\redhat.java-1.17.0-win32-x64\jre\17.0.6-win32-x86_64\bin\server

VM Arguments:
jvm_args: -XX:+HeapDumpOnOutOfMemoryError -Xmx1024m -Dsts.lsp.client=vscode -Dsts.log.file=/dev/null -XX:TieredStopAtLevel=1 -Xlog:jni+resolve=off -Dspring.config.location=file:c:\Users\Ming\.vscode\extensions\vmware.vscode-spring-boot-1.45.0\language-server\BOOT-INF\classes\application.properties 
java_command: org.springframework.ide.vscode.boot.app.BootLanguageServerBootApp
java_class_path (initial): c:\Users\Ming\.vscode\extensions\vmware.vscode-spring-boot-1.45.0\language-server\BOOT-INF\classes;c:\Users\Ming\.vscode\extensions\vmware.vscode-spring-boot-1.45.0\language-server\BOOT-INF\lib\annotations-24.0.1.jar;c:\Users\Ming\.vscode\extensions\vmware.vscode-spring-boot-1.45.0\language-server\BOOT-INF\lib\ant-1.10.13.jar;c:\Users\Ming\.vscode\extensions\vmware.vscode-spring-boot-1.45.0\language-server\BOOT-INF\lib\ant-launcher-1.10.13.jar;c:\Users\Ming\.vscode\extensions\vmware.vscode-spring-boot-1.45.0\language-server\BOOT-INF\lib\antlr-runtime-3.5.3.jar;c:\Users\Ming\.vscode\extensions\vmware.vscode-spring-boot-1.45.0\language-server\BOOT-INF\lib\antlr4-4.11.1.jar;c:\Users\Ming\.vscode\extensions\vmware.vscode-spring-boot-1.45.0\language-server\BOOT-INF\lib\antlr4-runtime-4.11.1.jar;c:\Users\Ming\.vscode\extensions\vmware.vscode-spring-boot-1.45.0\language-server\BOOT-INF\lib\asm-9.4.jar;c:\Users\Ming\.vscode\extensions\vmware.vscode-spring-boot-1.45.0\language-server\BOOT-INF\lib\asm-analysis-9.4.jar;c:\Users\Ming\.vscode\extensions\vmware.vscode-spring-boot-1.45.0\language-server\BOOT-INF\lib\asm-tree-9.4.jar;c:\Users\Ming\.vscode\extensions\vmware.vscode-spring-boot-1.45.0\language-server\BOOT-INF\lib\asm-util-9.4.jar;c:\Users\Ming\.vscode\extensions\vmware.vscode-spring-boot-1.45.0\language-server\BOOT-INF\lib\caffeine-3.1.2.jar;c:\Users\Ming\.vscode\extensions\vmware.vscode-spring-boot-1.45.0\language-server\BOOT-INF\lib\checker-qual-3.12.0.jar;c:\Users\Ming\.vscode\extensions\vmware.vscode-spring-boot-1.45.0\language-server\BOOT-INF\lib\classgraph-4.8.149.jar;c:\Users\Ming\.vscode\extensions\vmware.vscode-spring-boot-1.45.0\language-server\BOOT-INF\lib\commons-codec-1.15.jar;c:\Users\Ming\.vscode\extensions\vmware.vscode-spring-boot-1.45.0\language-server\BOOT-INF\lib\commons-compress-1.22.jar;c:\Users\Ming\.vscode\extensions\vmware.vscode-spring-boot-1.45.0\language-server\BOOT-INF\lib\commons-io-2.4.jar;c:\Users\Ming\.vsco
Launcher Type: SUN_STANDARD

[Global flags]
     intx CICompilerCount                          = 4                                         {product} {ergonomic}
     uint ConcGCThreads                            = 2                                         {product} {ergonomic}
     uint G1ConcRefinementThreads                  = 8                                         {product} {ergonomic}
   size_t G1HeapRegionSize                         = 1048576                                   {product} {ergonomic}
    uintx GCDrainStackTargetSize                   = 64                                        {product} {ergonomic}
     bool HeapDumpOnOutOfMemoryError               = true                                   {manageable} {command line}
   size_t InitialHeapSize                          = 266338304                                 {product} {ergonomic}
   size_t MarkStackSize                            = 4194304                                   {product} {ergonomic}
   size_t MaxHeapSize                              = 1073741824                                {product} {command line}
   size_t MaxNewSize                               = 643825664                                 {product} {ergonomic}
   size_t MinHeapDeltaBytes                        = 1048576                                   {product} {ergonomic}
   size_t MinHeapSize                              = 8388608                                   {product} {ergonomic}
    uintx NonProfiledCodeHeapSize                  = 0                                      {pd product} {ergonomic}
     bool ProfileInterpreter                       = false                                  {pd product} {command line}
    uintx ProfiledCodeHeapSize                     = 0                                      {pd product} {ergonomic}
   size_t SoftMaxHeapSize                          = 1073741824                             {manageable} {ergonomic}
     intx TieredStopAtLevel                        = 1                                         {product} {command line}
     bool UseCompressedClassPointers               = true                           {product lp64_product} {ergonomic}
     bool UseCompressedOops                        = true                           {product lp64_product} {ergonomic}
     bool UseG1GC                                  = true                                      {product} {ergonomic}
     bool UseLargePagesIndividualAllocation        = false                                  {pd product} {ergonomic}

Logging:
Log output configuration:
 #0: stdout all=warning,jni+resolve=off uptime,level,tags
 #1: stderr all=off uptime,level,tags

Environment Variables:
JAVA_HOME=D:\JAVA\
PATH=C:\Windows\system32;C:\Windows;C:\Windows\System32\Wbem;C:\Windows\System32\WindowsPowerShell\v1.0\;C:\Windows\System32\OpenSSH\;C:\Program Files (x86)\NVIDIA Corporation\PhysX\Common;C:\Program Files\NVIDIA Corporation\NVIDIA NvDLISR;C:\WINDOWS\system32;C:\WINDOWS;C:\WINDOWS\System32\Wbem;C:\WINDOWS\System32\WindowsPowerShell\v1.0\;C:\WINDOWS\System32\OpenSSH\;D:\JAVA\\bin;D:\Tools\Maven\apache-maven-3.8.6\bin;D:\Tools\Gradle\gradle-7.6\bin;D:\NodeJS\node_cache;C:\ProgramData\chocolatey\bin;D:\QT\Qt\Tools\CMake_64\bin;D:\QT\Qt\Tools\mingw1120_64\bin;D:\QT\Qt\Tools\mingw810_64\bin;D:\QT\Qt\Tools\mingw810_64\x86_64-w64-mingw32\bin;D:\QT\emsdk-master\emsdk_env.sh;D:\Tools\MSYS2\mingw64\bin;D:\Tools\Redis;D:\Git LFS;D:\NodeJS;D:\NodeJS\node_global;D:\NodeJS\node_global\node_modules;D:\Git\cmd;E:\ADB;F:\MCU\BaiduItem\;D:\Lua\5.1;D:\Lua\5.1\clibs;C:\Program Files (x86)\Microsoft SQL Server\100\Tools\Binn\;C:\Program Files\Microsoft SQL Server\100\Tools\Binn\;C:\Program Files\Microsoft SQL Server\100\DTS\Binn\;C:\Users\Ming\AppData\Local\ActiveState\StateTool\release\bin;C:\Users\Ming\AppData\Local\activestate\cache\bin;E:\Anaconda;E:\Anaconda\Library\mingw-w64\bin;E:\Anaconda\Library\usr\bin;E:\Anaconda\Library\bin;E:\Anaconda\Scripts;C:\Users\Ming\AppData\Local\Programs\Python\Python39\Scripts\;C:\Users\Ming\AppData\Local\Programs\Python\Python39\;C:\Users\Ming\AppData\Local\Microsoft\WindowsApps;C:\Users\Ming\AppData\Local\Programs\Microsoft VS Code\bin;C:\Users\Ming\AppData\Local\gitkraken\bin;C:\Users\Ming\AppData\Roaming\npm;C:\Users\Ming\AppData\Local\Microsoft\WindowsApps
USERNAME=Ming
OS=Windows_NT
PROCESSOR_IDENTIFIER=Intel64 Family 6 Model 126 Stepping 5, GenuineIntel
TMP=C:\Users\Ming\AppData\Local\Temp
TEMP=C:\Users\Ming\AppData\Local\Temp



---------------  S Y S T E M  ---------------

OS:
 Windows 11 , 64 bit Build 22621 (10.0.22621.1485)
OS uptime: 0 days 9:07 hours

CPU: total 8 (initial active 8) (4 cores per cpu, 2 threads per core) family 6 model 126 stepping 5 microcode 0x86, cx8, cmov, fxsr, ht, mmx, 3dnowpref, sse, sse2, sse3, ssse3, sse4.1, sse4.2, popcnt, lzcnt, tsc, tscinvbit, avx, avx2, aes, erms, clmul, bmi1, bmi2, adx, avx512f, avx512dq, avx512cd, avx512bw, avx512vl, sha, fma, vzeroupper, avx512_vpopcntdq, avx512_vpclmulqdq, avx512_vaes, avx512_vnni, clflush, clflushopt, avx512_vbmi2, avx512_vbmi

Memory: 4k page, system-wide physical 16159M (1194M free)
TotalPageFile size 28213M (AvailPageFile size 74M)
current process WorkingSet (physical memory assigned to process): 237M, peak: 578M
current process commit charge ("private bytes"): 236M, peak: 571M

vm_info: OpenJDK 64-Bit Server VM (17.0.6+10) for windows-amd64 JRE (17.0.6+10), built on Jan 18 2023 10:08:59 by "temurin" with MS VC++ 16.7 (VS2019)

END.
